Build started 4/12/2022 11:04:00 AM.
Logging verbosity is set to: Normal.     1>Project "E:\Lexic From Asif vai\LEXIC-2.0-main\build\msbuild\build.proj" on node 1 (default targets).
     1>Project "E:\Lexic From Asif vai\LEXIC-2.0-main\build\msbuild\build.proj" (1) is building "E:\Lexic From Asif vai\LEXIC-2.0-main\Studio.sln" (2) on node 1 (Restore;ReBuild target(s)).
     2>ValidateSolutionConfiguration:
         Building solution configuration "Debug|Any CPU".
       _GetAllRestoreProjectPathItems:
         Determining projects to restore...
       Restore:
         Restoring packages for E:\Lexic From Asif vai\LEXIC-2.0-main\common\ASC.Data.Storage.Encryption\ASC.Data.Storage.Encryption.csproj...
         Restoring packages for E:\Lexic From Asif vai\LEXIC-2.0-main\module\ASC.Api\ASC.Api.Projects\ASC.Api.Projects.csproj...
         Restoring packages for E:\Lexic From Asif vai\LEXIC-2.0-main\web\studio\ASC.Web.Studio\Products\Projects\ASC.Web.Projects.csproj...
         Restoring packages for E:\Lexic From Asif vai\LEXIC-2.0-main\module\ASC.Api\ASC.Api.Settings\ASC.Api.Settings.csproj...
         Restoring packages for E:\Lexic From Asif vai\LEXIC-2.0-main\web\studio\ASC.Web.Upload\ASC.Web.Upload.csproj...
         Restoring packages for E:\Lexic From Asif vai\LEXIC-2.0-main\module\ASC.VoipService\ASC.VoipService.csproj...
         Restoring packages for E:\Lexic From Asif vai\LEXIC-2.0-main\module\ASC.Thumbnails.Svc\ASC.Thumbnails.Svc.csproj...
         Restoring packages for E:\Lexic From Asif vai\LEXIC-2.0-main\module\ASC.UrlShortener.Svc\ASC.UrlShortener.Svc.csproj...
         Restoring packages for E:\Lexic From Asif vai\LEXIC-2.0-main\common\ASC.Common\ASC.Common.csproj...
         Restoring packages for E:\Lexic From Asif vai\LEXIC-2.0-main\common\ASC.Core.Common\ASC.Core.Common.csproj...
         Restoring packages for E:\Lexic From Asif vai\LEXIC-2.0-main\web\studio\ASC.Web.Studio\addons\mail\ASC.Web.Mail.csproj...
         Restoring packages for E:\Lexic From Asif vai\LEXIC-2.0-main\web\studio\ASC.Web.Studio\Products\Sample\ASC.Web.Sample.csproj...
         Restoring packages for E:\Lexic From Asif vai\LEXIC-2.0-main\web\studio\ASC.Web.Studio\addons\calendar\ASC.Web.Calendar.csproj...
         Restoring packages for E:\Lexic From Asif vai\LEXIC-2.0-main\common\ASC.Data.Storage\ASC.Data.Storage.csproj...
         Restoring packages for E:\Lexic From Asif vai\LEXIC-2.0-main\module\ASC.Api\ASC.Api.Mail\ASC.Api.Mail.csproj...
         Restoring packages for E:\Lexic From Asif vai\LEXIC-2.0-main\common\ASC.ActiveDirectory\ASC.ActiveDirectory.csproj...
     2>C:\Program Files (x86)\Microsoft Visual Studio\2019\Community\Common7\IDE\CommonExtensions\Microsoft\NuGet\NuGet.targets(131,5): error : The local source 'E:\Lexic From Asif vai\LEXIC-2.0-main\.nuget\packages' doesn't exist. [E:\Lexic From Asif vai\LEXIC-2.0-main\Studio.sln]
     2>Done Building Project "E:\Lexic From Asif vai\LEXIC-2.0-main\Studio.sln" (Restore;ReBuild target(s)) -- FAILED.
     1>Done Building Project "E:\Lexic From Asif vai\LEXIC-2.0-main\build\msbuild\build.proj" (default targets) -- FAILED.

Build FAILED.

       "E:\Lexic From Asif vai\LEXIC-2.0-main\build\msbuild\build.proj" (default target) (1) ->
       "E:\Lexic From Asif vai\LEXIC-2.0-main\Studio.sln" (Restore;ReBuild target) (2) ->
       (Restore target) -> 
         C:\Program Files (x86)\Microsoft Visual Studio\2019\Community\Common7\IDE\CommonExtensions\Microsoft\NuGet\NuGet.targets(131,5): error : The local source 'E:\Lexic From Asif vai\LEXIC-2.0-main\.nuget\packages' doesn't exist. [E:\Lexic From Asif vai\LEXIC-2.0-main\Studio.sln]

    0 Warning(s)
    1 Error(s)

Time Elapsed 00:00:01.39
